[30.10.2018 12:35:28] java.io.FileNotFoundException: .\smartguard\config.properties (The system cannot find the file specified)
	at java.io.FileInputStream.open0(Native Method)
	at java.io.FileInputStream.open(FileInputStream.java:195)
	at java.io.FileInputStream.<init>(FileInputStream.java:138)
	at ru.akumu.smartguard.core.GuardConfig.load(GuardConfig.java:80)
	at ru.akumu.smartguard.core.GuardConfig.<clinit>(GuardConfig.java:70)
	at ru.akumu.smartguard.core.AdminMenu.<clinit>(AdminMenu.java:68)
	at org.mmocore.gameserver.handler.admincommands.impl.SmartGuardMenu.<init>(SmartGuardMenu.java:13)
	at sun.reflect.NativeConstructorAccessorImpl.newInstance0(Native Method)
	at sun.reflect.NativeConstructorAccessorImpl.newInstance(NativeConstructorAccessorImpl.java:62)
	at sun.reflect.DelegatingConstructorAccessorImpl.newInstance(DelegatingConstructorAccessorImpl.java:45)
	at java.lang.reflect.Constructor.newInstance(Constructor.java:423)
	at org.mmocore.commons.utils.ReflectionUtils.loadClassesWithConsumer(ReflectionUtils.java:68)
	at org.mmocore.commons.utils.ReflectionUtils.loadClassesWithConsumer(ReflectionUtils.java:31)
	at org.mmocore.gameserver.handler.admincommands.AdminCommandHandler.<init>(AdminCommandHandler.java:18)
	at org.mmocore.gameserver.handler.admincommands.AdminCommandHandler.<clinit>(AdminCommandHandler.java:14)
	at handler.admincommands.ScriptAdminCommand.onInit(ScriptAdminCommand.java:16)
	at java.util.ArrayList.forEach(ArrayList.java:1257)
	at org.mmocore.gameserver.data.scripts.Scripts$ScriptListenerImpl.callInit(Scripts.java:339)
	at org.mmocore.gameserver.data.scripts.Scripts.init(Scripts.java:140)
	at org.mmocore.gameserver.GameServer.<init>(GameServer.java:185)
	at org.mmocore.gameserver.GameServer.main(GameServer.java:326)

